<?xml version="1.0" encoding="UTF-8"?>
<testsuite name="StatementPrinterTests" tests="2" skipped="0" failures="0" errors="0" timestamp="2023-10-27T09:37:43" hostname="DESKTOP-0P54HV2" time="0.35">
  <properties/>
  <testcase name="exampleStatement()" classname="StatementPrinterTests" time="0.335"/>
  <testcase name="statementWithNewPlayTypes()" classname="StatementPrinterTests" time="0.014"/>
  <system-out><![CDATA[]]></system-out>
  <system-err><![CDATA[]]></system-err>
</testsuite>
