<?xml version="1.0" encoding="UTF-8"?>
<testsuite name="StatementPrinterTests" tests="1" skipped="0" failures="0" errors="0" timestamp="2023-10-31T14:39:33" hostname="DANA-S-LAPTOP" time="0.278">
  <properties/>
  <testcase name="exampleStatement()" classname="StatementPrinterTests" time="0.278"/>
  <system-out><![CDATA[HTML content has been saved to output.html
]]></system-out>
  <system-err><![CDATA[]]></system-err>
</testsuite>
