<?xml version="1.0" encoding="UTF-8"?>
<testsuite name="StatementPrinterTests" tests="2" skipped="0" failures="0" errors="0" timestamp="2023-10-30T13:21:04" hostname="DANA-S-LAPTOP" time="0.336">
  <properties/>
  <testcase name="exampleStatement()" classname="StatementPrinterTests" time="0.314"/>
  <testcase name="statementWithNewPlayTypes()" classname="StatementPrinterTests" time="0.02"/>
  <system-out><![CDATA[]]></system-out>
  <system-err><![CDATA[]]></system-err>
</testsuite>
