<?xml version="1.0" encoding="UTF-8"?>
<testsuite name="StatementPrinterTests" tests="2" skipped="0" failures="0" errors="0" timestamp="2023-10-27T09:13:35" hostname="DESKTOP-0P54HV2" time="0.279">
  <properties/>
  <testcase name="exampleStatement()" classname="StatementPrinterTests" time="0.266"/>
  <testcase name="statementWithNewPlayTypes()" classname="StatementPrinterTests" time="0.012"/>
  <system-out><![CDATA[]]></system-out>
  <system-err><![CDATA[]]></system-err>
</testsuite>
